<?xml version="1.0" encoding="UTF-8"?>
<testsuite xmlns:xsi="http://www.w3.org/2001/XMLSchema-instance" xsi:noNamespaceSchemaLocation="https://maven.apache.org/surefire/maven-surefire-plugin/xsd/surefire-test-report-3.0.xsd" version="3.0" name="TestSuite" time="5.476" tests="1" errors="0" skipped="0" failures="0">
  <properties>
[...]
</properties>
  <testcase name="runScenario[&quot;&quot;, &quot;Testing API create function&quot;](1)" classname="com.cucumber.test.CucumberRunner" time="4.193">
    <system-out><![CDATA[{
    "args": {
        
    },
    "data": "{\"Batch\":\"29\"}",
    "files": {
        
    },
    "form": {
        
    },
    "headers": {
        "Accept": "*/*",
        "Accept-Encoding": "gzip,deflate",
        "Content-Length": "14",
        "Content-Type": "application/json; charset=UTF-8",
        "Host": "httpbin.org",
        "User-Agent": "Apache-HttpClient/4.5.3 (Java/11.0.16)",
        "X-Amzn-Trace-Id": "Root=1-63bb813a-4d8cd6a6756edd114dc93868"
    },
    "json": {
        "Batch": "29"
    },
    "origin": "69.206.234.169",
    "url": "https://httpbin.org/post"
}
{
    "args": {
        
    },
    "data": "{\"Batch\":\"29\"}",
    "files": {
        
    },
    "form": {
        
    },
    "headers": {
        "Accept": "*/*",
        "Accept-Encoding": "gzip,deflate",
        "Content-Length": "14",
        "Content-Type": "application/json; charset=UTF-8",
        "Host": "httpbin.org",
        "User-Agent": "Apache-HttpClient/4.5.3 (Java/11.0.16)",
        "X-Amzn-Trace-Id": "Root=1-63bb813a-4d8cd6a6756edd114dc93868"
    },
    "json": {
        "Batch": "29"
    },
    "origin": "69.206.234.169",
    "url": "https://httpbin.org/post"
}
]]></system-out>
    <system-err><![CDATA[Jan 08, 2023 9:51:34 PM cucumber.runtime.java.ObjectFactoryLoader loadSingleObjectFactory
INFO: Loading ObjectFactory via service loader: io.cucumber.picocontainer.PicoFactory
]]></system-err>
  </testcase>
</testsuite>